<?xml version="1.0" encoding="UTF-8"?>
<!-- Generated by org.testng.reporters.JUnitReportReporter -->
<testsuite hostname="DENB0471" name="test.JsonProcessorTests" tests="1" failures="0" timestamp="30 Mar 2015 16:12:11 GMT" time="0.178" errors="0">
  <testcase name="testTree" time="0.178" classname="test.JsonProcessorTests"/>
</testsuite> <!-- test.JsonProcessorTests -->
