<?xml version="1.0" encoding="UTF-8"?>
<!-- Generated by org.testng.reporters.JUnitReportReporter -->
<testsuite hostname="amjad-ThinkPad-T430" name="test.JsonProcessorTests" tests="1" failures="0" timestamp="29 Mar 2015 21:15:06 GMT" time="0.299" errors="0">
  <testcase name="testTree" time="0.299" classname="test.JsonProcessorTests"/>
</testsuite> <!-- test.JsonProcessorTests -->
