<?xml version="1.0" encoding="UTF-8"?>
<!-- Generated by org.testng.reporters.JUnitReportReporter -->
<testsuite hostname="amjad-ThinkPad-T430" name="test.JsonProcessorTests" tests="1" failures="0" timestamp="27 Mar 2015 20:15:54 GMT" time="0.101" errors="0">
  <testcase name="testTree" time="0.101" classname="test.JsonProcessorTests"/>
</testsuite> <!-- test.JsonProcessorTests -->
