<?xml version="1.0" encoding="UTF-8"?>
<!-- Generated by org.testng.reporters.JUnitReportReporter -->
<testsuite hostname="DENB0471" name="test.JsonProcessorTests" tests="1" failures="0" timestamp="8 Apr 2015 13:39:49 GMT" time="0.236" errors="0">
  <testcase name="testTree" time="0.236" classname="test.JsonProcessorTests"/>
</testsuite> <!-- test.JsonProcessorTests -->
